<?xml version="1.0" encoding="UTF-8" ?>
<testsuite errors="0" failures="1" hostname="Sameer-PC" name="PokerHandsTest" skipped="0" tests="11" time="0.225" timestamp="2018-02-25T14:17:36">
  <properties>
    <property name="netbeans.autoupdate.country" value="US" />
    <property name="nb.wait.for.caches" value="true" />
    <property name="javac.test.classpath" value=":build/classes:C:\Program Files\NetBeans Dev 201710200002\platform\modules\ext\junit-4.12.jar:C:\Program Files\NetBeans Dev 201710200002\platform\modules\ext\hamcrest-core-1.3.jar" />
    <property name="javac.test.sourcepath" value="C:\Users\Sameer\Documents\NetBeansProjects\Poker Game\build\empty" />
    <property name="ant.core.lib" value="C:\Program Files\NetBeans Dev 201710200002\extide\ant\lib\ant.jar" />
    <property name="javadoc.windowtitle" value="" />
    <property name="user.dir" value="C:\Users\Sameer\Documents\NetBeansProjects\Poker Game" />
    <property name="java.vm.version" value="9.0.1+11" />
    <property name="libs.MySQLDriver.classpath" value="C:\Program Files\NetBeans Dev 201710200002\ide\modules\ext\mysql-connector-java-5.1.23-bin.jar" />
    <property name="run.upgrademodulepath" value="" />
    <property name="libs.eclipselinkmodelgen.src" value="" />
    <property name="jlink.additionalmodules" value="" />
    <property name="javadoc.notree" value="false" />
    <property name="netbeans.autoupdate.version" value="1.23" />
    <property name="javac.profile.cmd.line.arg" value="" />
    <property name="jdk.home" value="C:\Program Files\Java\jdk-9.0.1" />
    <property name="libs.javac-api.src" value="" />
    <property name="javadoc.noindex" value="false" />
    <property name="libs.jpa2-persistence.classpath" value="C:\Program Files\NetBeans Dev 201710200002\java\modules\ext\hibernate4\hibernate-jpa-2.1-api-1.0.0.Final.jar" />
    <property name="sun.os.patch.level" value="" />
    <property name="do.archive+manifest.available" value="true" />
    <property name="java.vm.specification.name" value="Java Virtual Machine Specification" />
    <property name="nb.show.statistics.ui" value="usageStatisticsEnabled" />
    <property name="netbeans.autoupdate.variant" value="" />
    <property name="have.tests" value="true" />
    <property name="org.xml.sax.driver" value="com.sun.org.apache.xerces.internal.jaxp.SAXParserImpl$JAXPSAXParser" />
    <property name="libs.hamcrest.classpath" value="C:\Program Files\NetBeans Dev 201710200002\platform\modules\ext\hamcrest-core-1.3.jar" />
    <property name="libs.javac-api.javadoc" value="" />
    <property name="os.name" value="Windows 10" />
    <property name="libs.beans-binding.classpath" value="C:\Program Files\NetBeans Dev 201710200002\java\modules\ext\beansbinding-1.2.1.jar" />
    <property name="ap.proc.none.internal" value="" />
    <property name="libs.JWSAntTasks.maven-pom" value="" />
    <property name="libs.testng.src" value="" />
    <property name="java.vendor.url.bug" value="http://bugreport.java.com/bugreport/" />
    <property name="libs.jaxb.maven-pom" value="" />
    <property name="libs.eclipselink.src" value="" />
    <property name="os.arch" value="amd64" />
    <property name="user.name" value="Sameer" />
    <property name="copylibs.rebase" value="true" />
    <property name="libs.swing-layout.maven-pom" value="" />
    <property name="sun.java.command" value="org.apache.tools.ant.taskdefs.optional.junit.JUnitTestRunner PokerHandsTest skipNonTests=false filtertrace=true haltOnError=false haltOnFailure=false showoutput=true outputtoformatters=true logfailedtests=true threadid=0 logtestlistenerevents=true formatter=org.apache.tools.ant.taskdefs.optional.junit.BriefJUnitResultFormatter formatter=org.apache.tools.ant.taskdefs.optional.junit.XMLJUnitResultFormatter,C:\Users\Sameer\Documents\NetBeansProjects\Poker Game\build\test\results\TEST-PokerHandsTest.xml crashfile=C:\Users\Sameer\Documents\NetBeansProjects\Poker Game\build\junitvmwatcher16207826303465287018.properties propsfile=C:\Users\Sameer\Documents\NetBeansProjects\Poker Game\build\junit15306667695262578306.properties" />
    <property name="build.classes.dir" value="build/classes" />
    <property name="netbeans.accept_license_class" value="org.netbeans.license.AcceptLicense" />
    <property name="build.sysclasspath" value="ignore" />
    <property name="manifest.encoding" value="UTF-8" />
    <property name="ap.supported.internal" value="true" />
    <property name="java.failonerror" value="true" />
    <property name="run.modulepath" value="" />
    <property name="libs.jaxws21.javadoc" value="C:\Program Files\NetBeans Dev 201710200002\java\docs\jaxws-api-doc.zip" />
    <property name="jdk.debug" value="release" />
    <property name="ant.file.type.Poker_Game" value="file" />
    <property name="includes" value="**" />
    <property name="user.country" value="US" />
    <property name="manifest.file" value="manifest.mf" />
    <property name="javadoc.encoding" value="UTF-8" />
    <property name="javac.classpath" value="" />
    <property name="libs.spring-framework400.classpath" value="C:\Program Files\NetBeans Dev 201710200002\ide\modules\org-apache-commons-logging.jar;C:\Program Files\NetBeans Dev 201710200002\java\modules\ext\cglib-2.2.jar;C:\Program Files\NetBeans Dev 201710200002\java\modules\ext\spring-4\spring-aop-4.0.1.RELEASE.jar;C:\Program Files\NetBeans Dev 201710200002\java\modules\ext\spring-4\spring-aspects-4.0.1.RELEASE.jar;C:\Program Files\NetBeans Dev 201710200002\java\modules\ext\spring-4\spring-beans-4.0.1.RELEASE.jar;C:\Program Files\NetBeans Dev 201710200002\java\modules\ext\spring-4\spring-build-src-4.0.1.RELEASE.jar;C:\Program Files\NetBeans Dev 201710200002\java\modules\ext\spring-4\spring-context-4.0.1.RELEASE.jar;C:\Program Files\NetBeans Dev 201710200002\java\modules\ext\spring-4\spring-context-support-4.0.1.RELEASE.jar;C:\Program Files\NetBeans Dev 201710200002\java\modules\ext\spring-4\spring-core-4.0.1.RELEASE.jar;C:\Program Files\NetBeans Dev 201710200002\java\modules\ext\spring-4\spring-expression-4.0.1.RELEASE.jar;C:\Program Files\NetBeans Dev 201710200002\java\modules\ext\spring-4\spring-framework-bom-4.0.1.RELEASE.jar;C:\Program Files\NetBeans Dev 201710200002\java\modules\ext\spring-4\spring-instrument-4.0.1.RELEASE.jar;C:\Program Files\NetBeans Dev 201710200002\java\modules\ext\spring-4\spring-instrument-tomcat-4.0.1.RELEASE.jar;C:\Program Files\NetBeans Dev 201710200002\java\modules\ext\spring-4\spring-jdbc-4.0.1.RELEASE.jar;C:\Program Files\NetBeans Dev 201710200002\java\modules\ext\spring-4\spring-jms-4.0.1.RELEASE.jar;C:\Program Files\NetBeans Dev 201710200002\java\modules\ext\spring-4\spring-messaging-4.0.1.RELEASE.jar;C:\Program Files\NetBeans Dev 201710200002\java\modules\ext\spring-4\spring-orm-4.0.1.RELEASE.jar;C:\Program Files\NetBeans Dev 201710200002\java\modules\ext\spring-4\spring-oxm-4.0.1.RELEASE.jar;C:\Program Files\NetBeans Dev 201710200002\java\modules\ext\spring-4\spring-test-4.0.1.RELEASE.jar;C:\Program Files\NetBeans Dev 201710200002\java\modules\ext\spring-4\spring-tx-4.0.1.RELEASE.jar;C:\Program Files\NetBeans Dev 201710200002\java\modules\ext\spring-4\spring-web-4.0.1.RELEASE.jar;C:\Program Files\NetBeans Dev 201710200002\java\modules\ext\spring-4\spring-webmvc-4.0.1.RELEASE.jar;C:\Program Files\NetBeans Dev 201710200002\java\modules\ext\spring-4\spring-webmvc-portlet-4.0.1.RELEASE.jar;C:\Program Files\NetBeans Dev 201710200002\java\modules\ext\spring-4\spring-websocket-4.0.1.RELEASE.jar" />
    <property name="debug-transport" value="dt_shmem" />
    <property name="netbeans.home" value="C:\Program Files\NetBeans Dev 201710200002\platform" />
    <property name="build.compiler.emacs" value="true" />
    <property name="javac.modulepath" value="" />
    <property name="netbeans.dynamic.classpath" value="C:\Program Files\NetBeans Dev 201710200002\platform\core\asm-all-5.0.1.jar;C:\Program Files\NetBeans Dev 201710200002\platform\core\core-base.jar;C:\Program Files\NetBeans Dev 201710200002\platform\core\core.jar;C:\Program Files\NetBeans Dev 201710200002\platform\core\org-netbeans-libs-asm.jar;C:\Program Files\NetBeans Dev 201710200002\platform\core\org-openide-filesystems-compat8.jar;C:\Program Files\NetBeans Dev 201710200002\platform\core\org-openide-filesystems.jar;C:\Program Files\NetBeans Dev 201710200002\platform\core\locale\core-base_ja.jar;C:\Program Files\NetBeans Dev 201710200002\platform\core\locale\core-base_pt_BR.jar;C:\Program Files\NetBeans Dev 201710200002\platform\core\locale\core-base_ru.jar;C:\Program Files\NetBeans Dev 201710200002\platform\core\locale\core-base_zh_CN.jar;C:\Program Files\NetBeans Dev 201710200002\platform\core\locale\core_ja.jar;C:\Program Files\NetBeans Dev 201710200002\platform\core\locale\core_pt_BR.jar;C:\Program Files\NetBeans Dev 201710200002\platform\core\locale\core_ru.jar;C:\Program Files\NetBeans Dev 201710200002\platform\core\locale\core_zh_CN.jar;C:\Program Files\NetBeans Dev 201710200002\platform\core\locale\org-netbeans-libs-asm_ja.jar;C:\Program Files\NetBeans Dev 201710200002\platform\core\locale\org-netbeans-libs-asm_pt_BR.jar;C:\Program Files\NetBeans Dev 201710200002\platform\core\locale\org-netbeans-libs-asm_ru.jar;C:\Program Files\NetBeans Dev 201710200002\platform\core\locale\org-netbeans-libs-asm_zh_CN.jar;C:\Program Files\NetBeans Dev 201710200002\platform\core\locale\org-openide-filesystems-compat8_ja.jar;C:\Program Files\NetBeans Dev 201710200002\platform\core\locale\org-openide-filesystems-compat8_pt_BR.jar;C:\Program Files\NetBeans Dev 201710200002\platform\core\locale\org-openide-filesystems-compat8_ru.jar;C:\Program Files\NetBeans Dev 201710200002\platform\core\locale\org-openide-filesystems-compat8_zh_CN.jar;C:\Program Files\NetBeans Dev 201710200002\platform\core\locale\org-openide-filesystems_ja.jar;C:\Program Files\NetBeans Dev 201710200002\platform\core\locale\org-openide-filesystems_pt_BR.jar;C:\Program Files\NetBeans Dev 201710200002\platform\core\locale\org-openide-filesystems_ru.jar;C:\Program Files\NetBeans Dev 201710200002\platform\core\locale\org-openide-filesystems_zh_CN.jar;C:\Program Files\NetBeans Dev 201710200002\nb\core\org-netbeans-upgrader.jar;C:\Program Files\NetBeans Dev 201710200002\nb\core\locale\core_nb.jar;C:\Program Files\NetBeans Dev 201710200002\nb\core\locale\core_nb_ja.jar;C:\Program Files\NetBeans Dev 201710200002\nb\core\locale\core_nb_pt_BR.jar;C:\Program Files\NetBeans Dev 201710200002\nb\core\locale\core_nb_ru.jar;C:\Program Files\NetBeans Dev 201710200002\nb\core\locale\core_nb_zh_CN.jar;C:\Program Files\NetBeans Dev 201710200002\nb\core\locale\org-netbeans-upgrader_ja.jar;C:\Program Files\NetBeans Dev 201710200002\nb\core\locale\org-netbeans-upgrader_pt_BR.jar;C:\Program Files\NetBeans Dev 201710200002\nb\core\locale\org-netbeans-upgrader_ru.jar;C:\Program Files\NetBeans Dev 201710200002\nb\core\locale\org-netbeans-upgrader_zh_CN.jar" />
    <property name="java.vm.specification.version" value="9" />
    <property name="libs.hibernate4-support.src" value="" />
    <property name="plugin.manager.check.updates" value="false" />
    <property name="netbeans.productversion" value="NetBeans IDE Dev (Build 201710200002)" />
    <property name="libs.jaxws21.src" value="" />
    <property name="do.archive" value="true" />
    <property name="netbeans.autoupdate.language" value="en" />
    <property name="java.vendor" value="Oracle Corporation" />
    <property name="jar.index.metainf" value="false" />
    <property name="module.name" value="" />
    <property name="javac.debug" value="true" />
    <property name="javadoc.splitindex" value="true" />
    <property name="file.separator" value="\" />
    <property name="libs.junit_4.maven-pom" value="" />
    <property name="mkdist.disabled" value="false" />
    <property name="javac.test.processorpath" value=":build/classes:C:\Program Files\NetBeans Dev 201710200002\platform\modules\ext\junit-4.12.jar:C:\Program Files\NetBeans Dev 201710200002\platform\modules\ext\hamcrest-core-1.3.jar" />
    <property name="netbeans.buildnumber" value="201710200002" />
    <property name="libs.JWSAntTasks.javadoc" value="" />
    <property name="build.generated.sources.dir" value="build/generated-sources" />
    <property name="user.variant" value="" />
    <property name="libs.eclipselinkmodelgen.classpath" value="C:\Program Files\NetBeans Dev 201710200002\java\modules\ext\eclipselink\org.eclipse.persistence.jpa.modelgen_2.5.2.v20140319-9ad6abd.jar" />
    <property name="sun.java.launcher" value="SUN_STANDARD" />
    <property name="libs.hibernate4-persistencemodelgen.javadoc" value="" />
    <property name="libs.jaxb.javadoc" value="C:\Program Files\NetBeans Dev 201710200002\ide\docs\jaxb-api-doc.zip" />
    <property name="org.openide.awt.SwingBrowserImpl.do-not-block-awt" value="false" />
    <property name="ant.home" value="C:\Program Files\NetBeans Dev 201710200002\extide\ant" />
    <property name="libs.junit_4.src" value="C:\Program Files\NetBeans Dev 201710200002\platform\docs\junit-4.12-sources.jar" />
    <property name="libs.testng.classpath" value="C:\Program Files\NetBeans Dev 201710200002\platform\modules\ext\testng-6.8.1-dist.jar" />
    <property name="libs.absolutelayout.maven-pom" value="" />
    <property name="ant.java.version" value="9" />
    <property name="java.library.path" value="C:\Program Files\Java\jdk-9.0.1\bin;C:\WINDOWS\Sun\Java\bin;C:\WINDOWS\system32;C:\WINDOWS;C:\ProgramData\Oracle\Java\javapath;C:\Windows\system32;C:\Windows;C:\Windows\System32\Wbem;C:\Windows\System32\WindowsPowerShell\v1.0\;C:\Program Files (x86)\Windows Kits\8.1\Windows Performance Toolkit\;C:\WINDOWS\system32;C:\WINDOWS;C:\WINDOWS\System32\Wbem;C:\WINDOWS\System32\WindowsPowerShell\v1.0\;C:\Users\Sameer\AppData\Local\atom\bin;C:\Users\Sameer\AppData\Local\Microsoft\WindowsApps;C:\adb;C:\Android;C:\Program Files (x86)\Skype\Phone\;C:\Program Files (x86)\NVIDIA Corporation\PhysX\Common;C:\WINDOWS\system32;C:\WINDOWS;C:\WINDOWS\System32\Wbem;C:\WINDOWS\System32\WindowsPowerShell\v1.0\;C:\Program Files\MATLAB\R2017a\runtime\win64;C:\Program Files\MATLAB\R2017a\bin;C:\Program Files (x86)\Brackets\command;C:\Program Files\OpenVPN\bin;C:\Program Files\Java\jdk-9.0.1;C:\Program Files\Intel\WiFi\bin\;C:\Program Files\Common Files\Intel\WirelessCommon\;C:\Users\Sameer\AppData\Local\atom\bin;C:\Users\Sameer\AppData\Local\Microsoft\WindowsApps;C:\Program Files\Intel\WiFi\bin\;C:\Program Files\Common Files\Intel\WirelessCommon\;;." />
    <property name="javadoc.author" value="false" />
    <property name="java.util.logging.config.class" value="org.netbeans.core.startup.TopLogging" />
    <property name="libs.PostgreSQLDriver.src" value="" />
    <property name="libs.spring-framework400.src" value="" />
    <property name="sun.arch.data.model" value="64" />
    <property name="basedir" value="C:\Users\Sameer\Documents\NetBeansProjects\Poker Game" />
    <property name="libs.jpa20-persistence.maven-pom" value="" />
    <property name="jar.compress" value="false" />
    <property name="path.separator" value=";" />
    <property name="ant.junit.enabletestlistenerevents" value="true" />
    <property name="modules.supported.internal" value="true" />
    <property name="sun.io.unicode.encoding" value="UnicodeLittle" />
    <property name="libs.jaxws21.classpath" value="C:\Program Files\NetBeans Dev 201710200002\ide\modules\ext\jaxb\jaxb-impl.jar;C:\Program Files\NetBeans Dev 201710200002\ide\modules\ext\jaxb\jaxb-xjc.jar;C:\Program Files\NetBeans Dev 201710200002\java\modules\ext\jaxws22\FastInfoset.jar;C:\Program Files\NetBeans Dev 201710200002\java\modules\ext\jaxws22\gmbal-api-only.jar;C:\Program Files\NetBeans Dev 201710200002\java\modules\ext\jaxws22\ha-api.jar;C:\Program Files\NetBeans Dev 201710200002\java\modules\ext\jaxws22\javax.mail_1.4.jar;C:\Program Files\NetBeans Dev 201710200002\java\modules\ext\jaxws22\jaxws-rt.jar;C:\Program Files\NetBeans Dev 201710200002\java\modules\ext\jaxws22\jaxws-tools.jar;C:\Program Files\NetBeans Dev 201710200002\java\modules\ext\jaxws22\management-api.jar;C:\Program Files\NetBeans Dev 201710200002\java\modules\ext\jaxws22\mimepull.jar;C:\Program Files\NetBeans Dev 201710200002\java\modules\ext\jaxws22\policy.jar;C:\Program Files\NetBeans Dev 201710200002\java\modules\ext\jaxws22\saaj-impl.jar;C:\Program Files\NetBeans Dev 201710200002\java\modules\ext\jaxws22\stax-ex.jar;C:\Program Files\NetBeans Dev 201710200002\java\modules\ext\jaxws22\stax2-api.jar;C:\Program Files\NetBeans Dev 201710200002\java\modules\ext\jaxws22\streambuffer.jar;C:\Program Files\NetBeans Dev 201710200002\java\modules\ext\jaxws22\woodstox-core-asl.jar;C:\Program Files\NetBeans Dev 201710200002\java\modules\ext\jaxws22\api\jaxws-api.jar;C:\Program Files\NetBeans Dev 201710200002\java\modules\ext\jaxws22\api\jsr181-api.jar;C:\Program Files\NetBeans Dev 201710200002\java\modules\ext\jaxws22\api\javax.annotation.jar;C:\Program Files\NetBeans Dev 201710200002\java\modules\ext\jaxws22\api\saaj-api.jar;C:\Program Files\NetBeans Dev 201710200002\ide\modules\ext\jaxb\activation.jar;C:\Program Files\NetBeans Dev 201710200002\ide\modules\ext\jaxb\api\jaxb-api.jar;C:\Program Files\NetBeans Dev 201710200002\ide\modules\ext\jaxb\api\jsr173_1.0_api.jar" />
    <property name="dist.jlink.output" value="dist/jlink/Poker_Game" />
    <property name="compile.on.save" value="true" />
    <property name="apple.awt.graphics.UseQuartz" value="true" />
    <property name="user.language" value="en" />
    <property name="javac.systemmodulepath.cmd.line.arg" value="" />
    <property name="testng.mode" value="testng" />
    <property name="libs.JAXB-ENDORSED.maven-pom" value="" />
    <property name="libs.eclipselink.maven-pom" value="" />
    <property name="org.netbeans.io.suspend" value="0" />
    <property name="test.binaryincludes" value="&lt;nothing&gt;" />
    <property name="manifest.available" value="true" />
    <property name="libs.spring-framework300.maven-pom" value="" />
    <property name="ant.project.invoked-targets" value="test" />
    <property name="run.test.classpath" value=":build/classes:C:\Program Files\NetBeans Dev 201710200002\platform\modules\ext\junit-4.12.jar:C:\Program Files\NetBeans Dev 201710200002\platform\modules\ext\hamcrest-core-1.3.jar:build/test/classes" />
    <property name="test.binaryexcludes" value="" />
    <property name="libs.swing-layout.javadoc" value="C:\Program Files\NetBeans Dev 201710200002\platform\docs\swing-layout-1.0.4-doc.zip" />
    <property name="sun.java2d.dpiaware" value="true" />
    <property name="libs.hibernate4-persistence.maven-pom" value="" />
    <property name="https.nonProxyHosts" value="localhost|127.0.0.1|Sameer-PC" />
    <property name="libs.PostgreSQLDriver.maven-pom" value="" />
    <property name="java.class.version" value="53.0" />
    <property name="libs.hibernate4-persistencemodelgen.maven-pom" value="" />
    <property name="libs.eclipselink.javadoc" value="C:\Program Files\NetBeans Dev 201710200002\java\modules\ext\docs\javax.persistence-2.1.0-doc.zip" />
    <property name="user.properties.file" value="C:\Users\Sameer\AppData\Roaming\NetBeans\dev\build.properties" />
    <property name="ant.file.Poker_Game-impl" value="C:\Users\Sameer\Documents\NetBeansProjects\Poker Game\nbproject\build-impl.xml" />
    <property name="runtime.encoding" value="UTF-8" />
    <property name="libs.javac-api.maven-pom" value="" />
    <property name="file.encoding.pkg" value="sun.io" />
    <property name="sun.cpu.endian" value="little" />
    <property name="libs.JAXB-ENDORSED.javadoc" value="" />
    <property name="libs.JWSAntTasks.classpath" value="C:\Program Files\NetBeans Dev 201710200002\java\ant\extra\org-netbeans-modules-javawebstart-anttasks.jar" />
    <property name="libs.spring-framework300.src" value="" />
    <property name="empty.dir" value="C:\Users\Sameer\Documents\NetBeansProjects\Poker Game\build\empty" />
    <property name="test.binarytestincludes" value="" />
    <property name="libs.hibernate4-persistencemodelgen.src" value="" />
    <property name="javadoc.preview" value="true" />
    <property name="libs.jpa20-persistence.javadoc" value="C:\Program Files\NetBeans Dev 201710200002\java\modules\ext\docs\javax.persistence-2.1.0-doc.zip" />
    <property name="java.home" value="C:\Program Files\Java\jdk-9.0.1" />
    <property name="debug.test.classpath" value=":build/classes:C:\Program Files\NetBeans Dev 201710200002\platform\modules\ext\junit-4.12.jar:C:\Program Files\NetBeans Dev 201710200002\platform\modules\ext\hamcrest-core-1.3.jar:build/test/classes" />
    <property name="netbeans.importclass" value="org.netbeans.upgrade.AutoUpgrade" />
    <property name="annotation.processing.run.all.processors" value="true" />
    <property name="ant.project.default-target" value="default" />
    <property name="libs.PostgreSQLDriver.javadoc" value="" />
    <property name="libs.MySQLDriver.maven-pom" value="" />
    <property name="netbeans.extbrowser.manual_chrome_plugin_install" value="yes" />
    <property name="libs.hibernate4-persistence.javadoc" value="C:\Program Files\NetBeans Dev 201710200002\java\modules\ext\docs\javax.persistence-2.1.0-doc.zip" />
    <property name="http.nonProxyHosts" value="localhost|127.0.0.1|Sameer-PC" />
    <property name="libs.junit_4.javadoc" value="C:\Program Files\NetBeans Dev 201710200002\platform\docs\junit-4.12-javadoc.jar" />
    <property name="javac.test.modulepath" value="" />
    <property name="run.classpath" value=":build/classes" />
    <property name="jna.boot.library.name" value="jnidispatch-440" />
    <property name="sun.awt.datatransfer.timeout" value="1000" />
    <property name="libs.jpa2-persistence.maven-pom" value="" />
    <property name="annotation.processing.enabled.in.editor" value="false" />
    <property name="libs.hibernate4-support.classpath" value="C:\Program Files\NetBeans Dev 201710200002\java\modules\ext\hibernate4\antlr-2.7.7.jar;C:\Program Files\NetBeans Dev 201710200002\java\modules\ext\hibernate4\c3p0-0.9.2.1.jar;C:\Program Files\NetBeans Dev 201710200002\java\modules\ext\hibernate4\hibernate-c3p0-4.3.1.Final.jar;C:\Program Files\NetBeans Dev 201710200002\java\modules\ext\hibernate4\mchange-commons-java-0.2.3.4.jar;C:\Program Files\NetBeans Dev 201710200002\java\modules\ext\hibernate4\dom4j-1.6.1.jar;C:\Program Files\NetBeans Dev 201710200002\java\modules\ext\hibernate4\ehcache-core-2.4.3.jar;C:\Program Files\NetBeans Dev 201710200002\java\modules\ext\hibernate4\hibernate-ehcache-4.3.1.Final.jar;C:\Program Files\NetBeans Dev 201710200002\java\modules\ext\hibernate4\hibernate-core-4.3.1.Final.jar;C:\Program Files\NetBeans Dev 201710200002\java\modules\ext\hibernate4\jboss-logging-3.1.3.GA.jar;C:\Program Files\NetBeans Dev 201710200002\java\modules\ext\hibernate4\hibernate-commons-annotations-4.0.4.Final.jar;C:\Program Files\NetBeans Dev 201710200002\java\modules\ext\hibernate4\hibernate-entitymanager-4.3.1.Final.jar;C:\Program Files\NetBeans Dev 201710200002\java\modules\ext\hibernate4\javassist-3.18.1-GA.jar;C:\Program Files\NetBeans Dev 201710200002\java\modules\ext\hibernate4\jboss-transaction-api_1.2_spec-1.0.0.Final.jar;C:\Program Files\NetBeans Dev 201710200002\java\modules\ext\hibernate4\slf4j-api-1.6.1.jar;C:\Program Files\NetBeans Dev 201710200002\java\modules\ext\hibernate4\slf4j-simple-1.6.1.jar" />
    <property name="nb.native.filechooser" value="false" />
    <property name="sun.management.compiler" value="HotSpot 64-Bit Tiered Compilers" />
    <property name="javac.deprecation" value="false" />
    <property name="javadoc.use" value="true" />
    <property name="sun.java2d.noddraw" value="true" />
    <property name="javac.processorpath" value="" />
    <property name="libs.hamcrest.maven-pom" value="" />
    <property name="javac.compilerargs" value="" />
    <property name="ant.file" value="C:\Users\Sameer\Documents\NetBeansProjects\Poker Game\build.xml" />
    <property name="libs.beans-binding.maven-pom" value="" />
    <property name="libs.hibernate4-support.javadoc" value="C:\Program Files\NetBeans Dev 201710200002\java\modules\ext\docs\javax.persistence-2.1.0-doc.zip" />
    <property name="libs.beans-binding.src" value="" />
    <property name="java.vm.specification.vendor" value="Oracle Corporation" />
    <property name="libs.swing-layout.src" value="C:\Program Files\NetBeans Dev 201710200002\platform\docs\swing-layout-1.0.4-src.zip" />
    <property name="org.openide.major.version" value="IDE/1" />
    <property name="java.vm.name" value="Java HotSpot(TM) 64-Bit Server VM" />
    <property name="netbeans.user" value="C:\Users\Sameer\AppData\Roaming\NetBeans\dev" />
    <property name="javadoc.additionalparam" value="" />
    <property name="java.io.tmpdir" value="C:\Users\Sameer\AppData\Local\Temp\" />
    <property name="java.vendor.url" value="http://java.oracle.com/" />
    <property name="endorsed.classpath.cmd.line.arg" value="" />
    <property name="jna.loaded" value="true" />
    <property name="junit.available" value="true" />
    <property name="org.openide.awt.ActionReference.completion" value="org.netbeans.modules.apisupport.project.layers.PathCompletions" />
    <property name="sun.boot.library.path" value="C:\Program Files\Java\jdk-9.0.1\bin" />
    <property name="have.sources" value="true" />
    <property name="libs.hamcrest.javadoc" value="" />
    <property name="debug.classpath" value=":build/classes" />
    <property name="javac.external.vm" value="true" />
    <property name="javadoc.private" value="false" />
    <property name="test.src.dir" value="test" />
    <property name="dist.jlink.dir" value="dist/jlink" />
    <property name="ap.processors.internal" value="" />
    <property name="meta.inf.dir" value="src/META-INF" />
    <property name="javadoc.encoding.used" value="UTF-8" />
    <property name="dist.jar" value="dist/Poker_Game.jar" />
    <property name="libs.spring-framework400.maven-pom" value="" />
    <property name="java.runtime.name" value="Java(TM) SE Runtime Environment" />
    <property name="debug.test.modulepath" value="" />
    <property name="ant.project.name" value="Poker_Game" />
    <property name="netbeans.hash.code" value="unique=NB_EXTIDE_JAVA052b472ce-9f54-482e-99c2-9c918392c80b_929f01b3-210d-42e1-b513-de5f055c272b" />
    <property name="netbeans.default_userdir_root" value="C:\Users\Sameer\AppData\Roaming\NetBeans" />
    <property name="sun.cpu.isalist" value="amd64" />
    <property name="libs.spring-framework400.javadoc" value="" />
    <property name="libs.CopyLibs.javadoc" value="" />
    <property name="javadoc.html5" value="false" />
    <property name="org.openide.specification.version" value="6.2" />
    <property name="user.home" value="C:\Users\Sameer" />
    <property name="annotation.processing.processors.list" value="" />
    <property name="sun.zip.disableMemoryMapping" value="true" />
    <property name="libs.JWSAntTasks.src" value="" />
    <property name="jar.index" value="false" />
    <property name="libs.CopyLibs.maven-pom" value="" />
    <property name="libs.spring-framework300.javadoc" value="" />
    <property name="libs.absolutelayout.javadoc" value="" />
    <property name="java.specification.name" value="Java Platform API Specification" />
    <property name="do.archive+main.class.available" value="true" />
    <property name="java.specification.vendor" value="Oracle Corporation" />
    <property name="libs.javac-api.classpath" value="C:\Program Files\NetBeans Dev 201710200002\java\modules\ext\nb-javac-api.jar" />
    <property name="java.version" value="9.0.1" />
    <property name="run.jvmargs.ide" value="" />
    <property name="javadoc.version" value="false" />
    <property name="javac.processormodulepath" value="" />
    <property name="libs.MySQLDriver.javadoc" value="" />
    <property name="org.openide.version" value="deprecated" />
    <property name="platform.java" value="C:\Program Files\Java\jdk-9.0.1/bin/java" />
    <property name="source.encoding" value="UTF-8" />
    <property name="ap.cmd.line.internal" value="" />
    <property name="java.vm.compressedOopsMode" value="Zero based" />
    <property name="libs.eclipselinkmodelgen.maven-pom" value="" />
    <property name="libs.eclipselinkmodelgen.javadoc" value="" />
    <property name="netbeans.home+have.tests" value="true" />
    <property name="annotation.processing.processor.options" value="" />
    <property name="libs.testng.maven-pom" value="" />
    <property name="libs.jaxb.src" value="" />
    <property name="work.dir" value="C:\Users\Sameer\Documents\NetBeansProjects\Poker Game" />
    <property name="libs.jaxb.classpath" value="C:\Program Files\NetBeans Dev 201710200002\ide\modules\ext\jaxb\jaxb-impl.jar;C:\Program Files\NetBeans Dev 201710200002\ide\modules\ext\jaxb\jaxb-xjc.jar;C:\Program Files\NetBeans Dev 201710200002\ide\modules\ext\jaxb\jaxb1-impl.jar;C:\Program Files\NetBeans Dev 201710200002\ide\modules\ext\jaxb\activation.jar;C:\Program Files\NetBeans Dev 201710200002\ide\modules\ext\jaxb\api\jaxb-api.jar;C:\Program Files\NetBeans Dev 201710200002\ide\modules\ext\jaxb\api\jsr173_1.0_api.jar" />
    <property name="do.depend" value="false" />
    <property name="dist.javadoc.dir" value="dist/javadoc" />
    <property name="libs.swing-layout.classpath" value="C:\Program Files\NetBeans Dev 201710200002\platform\modules\ext\swing-layout-1.0.4.jar" />
    <property name="build.generated.dir" value="build/generated" />
    <property name="javac.source" value="9" />
    <property name="line.separator" value="&#xd;&#xa;" />
    <property name="java.specification.version" value="9" />
    <property name="libs.jaxws21.maven-pom" value="" />
    <property name="java.vm.info" value="mixed mode" />
    <property name="nb.junit.batch" value="true" />
    <property name="junit.forkmode" value="perTest" />
    <property name="netbeans.logger.console" value="true" />
    <property name="javac.target" value="9" />
    <property name="built-jar.properties" value="C:\Users\Sameer\Documents\NetBeansProjects\Poker Game\build\built-jar.properties" />
    <property name="build.test.classes.dir" value="build/test/classes" />
    <property name="src.dir" value="src" />
    <property name="javac.test.compilerargs" value="" />
    <property name="annotation.processing.enabled" value="true" />
    <property name="libs.jpa2-persistence.src" value="" />
    <property name="sun.awt.keepWorkingSetOnMinimize" value="true" />
    <property name="module.build.classes.dir" value="build/classes" />
    <property name="libs.jpa20-persistence.src" value="" />
    <property name="ignore.failing.tests" value="true" />
    <property name="dist.dir" value="dist" />
    <property name="jlink.launcher" value="true" />
    <property name="ant.file.type.Poker_Game-impl" value="file" />
    <property name="testng.debug.mode" value="" />
    <property name="jlink.additionalparam" value="" />
    <property name="javac.fork" value="true" />
    <property name="java.awt.printerjob" value="sun.awt.windows.WPrinterJob" />
    <property name="default.javac.source" value="9" />
    <property name="debug-transport-by-os" value="dt_shmem" />
    <property name="libs.MySQLDriver.src" value="" />
    <property name="sun.jnu.encoding" value="Cp1252" />
    <property name="run.test.jvmargs" value="" />
    <property name="java.runtime.version" value="9.0.1+11" />
    <property name="build.test.results.dir" value="build/test/results" />
    <property name="default.javac.target" value="9" />
    <property name="libs.junit_4.classpath" value="C:\Program Files\NetBeans Dev 201710200002\platform\modules\ext\junit-4.12.jar" />
    <property name="user.timezone" value="" />
    <property name="nb.junit.single" value="false" />
    <property name="netbeans.dirs" value="C:\Program Files\NetBeans Dev 201710200002\nb;C:\Program Files\NetBeans Dev 201710200002\ergonomics;C:\Program Files\NetBeans Dev 201710200002\ide;C:\Program Files\NetBeans Dev 201710200002\extide;C:\Program Files\NetBeans Dev 201710200002\java;C:\Program Files\NetBeans Dev 201710200002\apisupport;C:\Program Files\NetBeans Dev 201710200002\webcommon;C:\Program Files\NetBeans Dev 201710200002\websvccommon;C:\Program Files\NetBeans Dev 201710200002\enterprise;C:\Program Files\NetBeans Dev 201710200002\mobility;C:\Program Files\NetBeans Dev 201710200002\profiler;C:\Program Files\NetBeans Dev 201710200002\python;C:\Program Files\NetBeans Dev 201710200002\php;C:\Program Files\NetBeans Dev 201710200002\identity;C:\Program Files\NetBeans Dev 201710200002\harness;C:\Program Files\NetBeans Dev 201710200002\cnd;C:\Program Files\NetBeans Dev 201710200002\cndext;C:\Program Files\NetBeans Dev 201710200002\dlight;C:\Program Files\NetBeans Dev 201710200002\groovy;C:\Program Files\NetBeans Dev 201710200002\extra;C:\Program Files\NetBeans Dev 201710200002\javacard;C:\Program Files\NetBeans Dev 201710200002\javafx" />
    <property name="libs.absolutelayout.classpath" value="C:\Program Files\NetBeans Dev 201710200002\java\modules\ext\AbsoluteLayout.jar" />
    <property name="excludes" value="" />
    <property name="libs.jpa2-persistence.javadoc" value="C:\Program Files\NetBeans Dev 201710200002\java\modules\ext\docs\javax.persistence-2.1.0-doc.zip" />
    <property name="java.class.path" value="C:\Users\Sameer\Documents\NetBeansProjects\Poker Game\build\classes;C:\Program Files\NetBeans Dev 201710200002\platform\modules\ext\junit-4.12.jar;C:\Program Files\NetBeans Dev 201710200002\platform\modules\ext\hamcrest-core-1.3.jar;C:\Users\Sameer\Documents\NetBeansProjects\Poker Game\build\test\classes;C:\Program Files\NetBeans Dev 201710200002\extide\ant\lib\ant-launcher.jar;C:\Program Files\NetBeans Dev 201710200002\extide\ant\lib\ant.jar;C:\Program Files\NetBeans Dev 201710200002\extide\ant\lib\ant-junit.jar;C:\Program Files\NetBeans Dev 201710200002\extide\ant\lib\ant-junit4.jar" />
    <property name="apple.laf.useScreenMenuBar" value="true" />
    <property name="libs.absolutelayout.src" value="" />
    <property name="libs.jpa20-persistence.classpath" value="C:\Program Files\NetBeans Dev 201710200002\java\modules\ext\eclipselink\javax.persistence_2.1.0.201304241213.jar" />
    <property name="os.version" value="10.0" />
    <property name="application.args" value="" />
    <property name="sun.awt.enableExtraMouseButtons" value="true" />
    <property name="main.class.available" value="true" />
    <property name="jlink.launcher.name" value="Poker_Game" />
    <property name="sun.desktop" value="windows" />
    <property name="ant.file.Poker_Game" value="C:\Users\Sameer\Documents\NetBeansProjects\Poker Game\build.xml" />
    <property name="libs.hibernate4-persistence.src" value="" />
    <property name="libs.hibernate4-support.maven-pom" value="" />
    <property name="run.test.modulepath" value="" />
    <property name="nb.internal.action.name" value="test" />
    <property name="libs.JAXB-ENDORSED.classpath" value="C:\Program Files\NetBeans Dev 201710200002\ide\modules\ext\jaxb\api\jaxb-api.jar" />
    <property name="libs.eclipselink.classpath" value="C:\Program Files\NetBeans Dev 201710200002\java\modules\ext\eclipselink\eclipselink.jar;C:\Program Files\NetBeans Dev 201710200002\java\modules\ext\eclipselink\javax.persistence_2.1.0.201304241213.jar;C:\Program Files\NetBeans Dev 201710200002\java\modules\ext\eclipselink\org.eclipse.persistence.jpa.jpql_2.5.2.20140319-9ad6abd.jar" />
    <property name="java.awt.graphicsenv" value="sun.awt.Win32GraphicsEnvironment" />
    <property name="libs.beans-binding.javadoc" value="C:\Program Files\NetBeans Dev 201710200002\java\docs\beansbinding-1.2.1-doc.zip" />
    <property name="java.vm.vendor" value="Oracle Corporation" />
    <property name="libs.CopyLibs.classpath" value="C:\Program Files\NetBeans Dev 201710200002\java\ant\extra\org-netbeans-modules-java-j2seproject-copylibstask.jar" />
    <property name="libs.spring-framework300.classpath" value="C:\Program Files\NetBeans Dev 201710200002\ide\modules\org-apache-commons-logging.jar;C:\Program Files\NetBeans Dev 201710200002\java\modules\ext\cglib-2.2.jar;C:\Program Files\NetBeans Dev 201710200002\java\modules\ext\spring-3.0\spring-aop-3.2.7.RELEASE.jar;C:\Program Files\NetBeans Dev 201710200002\java\modules\ext\spring-3.0\spring-aspects-3.2.7.RELEASE.jar;C:\Program Files\NetBeans Dev 201710200002\java\modules\ext\spring-3.0\spring-beans-3.2.7.RELEASE.jar;C:\Program Files\NetBeans Dev 201710200002\java\modules\ext\spring-3.0\spring-build-src-3.2.7.RELEASE.jar;C:\Program Files\NetBeans Dev 201710200002\java\modules\ext\spring-3.0\spring-context-3.2.7.RELEASE.jar;C:\Program Files\NetBeans Dev 201710200002\java\modules\ext\spring-3.0\spring-context-support-3.2.7.RELEASE.jar;C:\Program Files\NetBeans Dev 201710200002\java\modules\ext\spring-3.0\spring-core-3.2.7.RELEASE.jar;C:\Program Files\NetBeans Dev 201710200002\java\modules\ext\spring-3.0\spring-expression-3.2.7.RELEASE.jar;C:\Program Files\NetBeans Dev 201710200002\java\modules\ext\spring-3.0\spring-framework-bom-3.2.7.RELEASE.jar;C:\Program Files\NetBeans Dev 201710200002\java\modules\ext\spring-3.0\spring-instrument-3.2.7.RELEASE.jar;C:\Program Files\NetBeans Dev 201710200002\java\modules\ext\spring-3.0\spring-instrument-tomcat-3.2.7.RELEASE.jar;C:\Program Files\NetBeans Dev 201710200002\java\modules\ext\spring-3.0\spring-jdbc-3.2.7.RELEASE.jar;C:\Program Files\NetBeans Dev 201710200002\java\modules\ext\spring-3.0\spring-jms-3.2.7.RELEASE.jar;C:\Program Files\NetBeans Dev 201710200002\java\modules\ext\spring-3.0\spring-orm-3.2.7.RELEASE.jar;C:\Program Files\NetBeans Dev 201710200002\java\modules\ext\spring-3.0\spring-oxm-3.2.7.RELEASE.jar;C:\Program Files\NetBeans Dev 201710200002\java\modules\ext\spring-3.0\spring-struts-3.2.7.RELEASE.jar;C:\Program Files\NetBeans Dev 201710200002\java\modules\ext\spring-3.0\spring-test-3.2.7.RELEASE.jar;C:\Program Files\NetBeans Dev 201710200002\java\modules\ext\spring-3.0\spring-tx-3.2.7.RELEASE.jar;C:\Program Files\NetBeans Dev 201710200002\java\modules\ext\spring-3.0\spring-web-3.2.7.RELEASE.jar;C:\Program Files\NetBeans Dev 201710200002\java\modules\ext\spring-3.0\spring-webmvc-3.2.7.RELEASE.jar;C:\Program Files\NetBeans Dev 201710200002\java\modules\ext\spring-3.0\spring-webmvc-portlet-3.2.7.RELEASE.jar" />
    <property name="libs.hamcrest.src" value="" />
    <property name="run.jvmargs" value="" />
    <property name="libs.hibernate4-persistence.classpath" value="C:\Program Files\NetBeans Dev 201710200002\java\modules\ext\hibernate4\antlr-2.7.7.jar;C:\Program Files\NetBeans Dev 201710200002\java\modules\ext\hibernate4\c3p0-0.9.2.1.jar;C:\Program Files\NetBeans Dev 201710200002\java\modules\ext\hibernate4\hibernate-c3p0-4.3.1.Final.jar;C:\Program Files\NetBeans Dev 201710200002\java\modules\ext\hibernate4\mchange-commons-java-0.2.3.4.jar;C:\Program Files\NetBeans Dev 201710200002\java\modules\ext\hibernate4\dom4j-1.6.1.jar;C:\Program Files\NetBeans Dev 201710200002\java\modules\ext\hibernate4\ehcache-core-2.4.3.jar;C:\Program Files\NetBeans Dev 201710200002\java\modules\ext\hibernate4\hibernate-ehcache-4.3.1.Final.jar;C:\Program Files\NetBeans Dev 201710200002\java\modules\ext\hibernate4\hibernate-core-4.3.1.Final.jar;C:\Program Files\NetBeans Dev 201710200002\java\modules\ext\hibernate4\jboss-logging-3.1.3.GA.jar;C:\Program Files\NetBeans Dev 201710200002\java\modules\ext\hibernate4\hibernate-commons-annotations-4.0.4.Final.jar;C:\Program Files\NetBeans Dev 201710200002\java\modules\ext\hibernate4\hibernate-entitymanager-4.3.1.Final.jar;C:\Program Files\NetBeans Dev 201710200002\java\modules\ext\hibernate4\javassist-3.18.1-GA.jar;C:\Program Files\NetBeans Dev 201710200002\java\modules\ext\hibernate4\jboss-transaction-api_1.2_spec-1.0.0.Final.jar;C:\Program Files\NetBeans Dev 201710200002\java\modules\ext\hibernate4\slf4j-api-1.6.1.jar;C:\Program Files\NetBeans Dev 201710200002\java\modules\ext\hibernate4\slf4j-simple-1.6.1.jar;C:\Program Files\NetBeans Dev 201710200002\java\modules\ext\hibernate4\hibernate-jpa-2.1-api-1.0.0.Final.jar" />
    <property name="dist.archive.excludes" value="" />
    <property name="libs.JAXB-ENDORSED.src" value="" />
    <property name="libs.testng.javadoc" value="C:\Program Files\NetBeans Dev 201710200002\platform\docs\testng-6.8.1-javadoc.zip" />
    <property name="libs.PostgreSQLDriver.classpath" value="C:\Program Files\NetBeans Dev 201710200002\ide\modules\ext\postgresql-9.4.1209.jar" />
    <property name="user.script" value="" />
    <property name="libs.hibernate4-persistencemodelgen.classpath" value="C:\Program Files\NetBeans Dev 201710200002\java\modules\ext\hibernate4\hibernate-jpamodelgen-4.3.1.Final.jar" />
    <property name="annotation.processing.source.output" value="build/generated-sources/ap-source-output" />
    <property name="main.class" value="Main.MainClass" />
    <property name="build.dir" value="build" />
    <property name="libs.CopyLibs.src" value="" />
    <property name="debug.modulepath" value="" />
    <property name="ant.version" value="Apache Ant(TM) version 1.10.1 compiled on February 2 2017" />
    <property name="javac.upgrademodulepath" value="" />
    <property name="build.classes.excludes" value="**/*.java,**/*.form" />
    <property name="file.encoding" value="Cp1252" />
    <property name="javadoc.nonavbar" value="false" />
    <property name="jdkBug6558476" value="false" />
    <property name="unnamed.module.internal" value="true" />
    <property name="platform.active" value="default_platform" />
    <property name="awt.toolkit" value="sun.awt.windows.WToolkit" />
  </properties>
  <testcase classname="PokerHandsTest" name="isTwoPair" time="0.005" />
  <testcase classname="PokerHandsTest" name="getTie" time="0.0" />
  <testcase classname="PokerHandsTest" name="isPair" time="0.005" />
  <testcase classname="PokerHandsTest" name="isFullHouse" time="0.0" />
  <testcase classname="PokerHandsTest" name="isStraightFlush" time="0.005">
    <failure message="expected:&lt;5&gt; but was:&lt;8&gt;" type="junit.framework.AssertionFailedError">junit.framework.AssertionFailedError: expected:&lt;5&gt; but was:&lt;8&gt;
	at PokerHandsTest.isStraightFlush(PokerHandsTest.java:178)
	at java.base/jdk.internal.reflect.NativeMethodAccessorImpl.invoke0(Native Method)
	at java.base/jdk.internal.reflect.NativeMethodAccessorImpl.invoke(NativeMethodAccessorImpl.java:62)
	at java.base/jdk.internal.reflect.DelegatingMethodAccessorImpl.invoke(DelegatingMethodAccessorImpl.java:43)
</failure>
  </testcase>
  <testcase classname="PokerHandsTest" name="isFourOfAKind" time="0.0" />
  <testcase classname="PokerHandsTest" name="isThreeOfAKind" time="0.0" />
  <testcase classname="PokerHandsTest" name="givenPokerHands_WhenInstantiatingObject_ThenObjectCreated" time="0.005" />
  <testcase classname="PokerHandsTest" name="getWinner" time="0.0" />
  <testcase classname="PokerHandsTest" name="isStraight" time="0.0" />
  <testcase classname="PokerHandsTest" name="isFlush" time="0.0" />
  <system-out><![CDATA[]]></system-out>
  <system-err><![CDATA[]]></system-err>
</testsuite>
